2017-06-21 17:38:02.277382 teste realizado
2017-06-21 17:38:10.253696 teste realizado
2017-06-21 17:43:24.730422 Nada Mudado
2017-06-21 18:45:00.957300 Novo elemento encontrado: Bolsas Ibero-Americanas Santander - Resultado 2017

2017-06-22 15:29:28.782685 Nada Mudado
2017-06-23 16:15:27.420585 Nada Mudado
2017-06-26 14:49:36.698206 Nada Mudado
2017-06-26 19:32:44.101438 Nada Mudado
2017-06-29 15:14:56.442259 Nada Mudado
2017-07-03 14:29:56.921147 Nada Mudado
2017-07-04 16:08:56.538057 Nada Mudado
2017-07-05 15:14:23.813012 Nada Mudado
2017-07-05 15:25:26.126632 Nada Mudado
2017-07-05 15:50:56.214694 Nada Mudado
2017-07-05 15:52:55.922785 Nada Mudado
2017-07-05 15:53:04.801915 Nada Mudado
2017-07-05 16:00:30.702759 Nada Mudado
2017-07-05 16:02:02.762680 Nada Mudado
2017-07-05 16:03:02.309254 Nada Mudado
2017-07-06 15:00:06.017695 Nada Mudado
2017-07-06 15:01:01.946554 Nada Mudado
2017-07-06 15:02:01.817004 Nada Mudado
2017-07-06 15:03:01.702453 Nada Mudado
2017-07-06 15:04:02.502497 Nada Mudado
2017-07-06 15:05:02.392064 Nada Mudado
2017-07-06 15:06:02.181921 Nada Mudado
2017-07-06 15:07:02.020721 Nada Mudado
2017-07-06 15:08:01.806012 Nada Mudado
2017-07-06 15:09:03.463902 Nada Mudado
2017-07-06 15:10:02.107156 Nada Mudado
2017-07-06 15:11:01.884954 Nada Mudado
2017-07-06 15:12:02.766635 Nada Mudado
2017-07-07 15:00:05.089151 Nada Mudado
2017-07-08 15:00:05.245331 Nada Mudado
2017-07-09 15:00:02.696687 Nada Mudado
2017-07-10 15:00:02.391114 Nada Mudado
2017-07-11 15:00:04.722393 Nada Mudado
2017-07-12 15:00:06.666720 Nada Mudado
2017-07-13 15:00:07.819772 Nada Mudado
2017-07-14 15:00:07.382350 Nada Mudado
2017-07-15 15:00:05.333768 Nada Mudado
2017-07-16 15:00:02.530429 Nada Mudado
2017-07-17 15:00:02.387934 Nada Mudado
2017-07-18 15:00:04.831120 Nada Mudado
2017-07-19 15:00:05.577791 Nada Mudado
2017-07-20 15:00:06.644441 Nada Mudado
2017-07-21 15:00:05.220221 Nada Mudado
2017-07-22 15:00:06.515078 Nada Mudado
2017-07-27 15:55:45.870271 Conexão não estabelecida
2017-07-27 15:56:22.058461 Conexão não estabelecida
2017-07-28 15:00:04.842331 Conexão não estabelecida
2017-07-29 15:00:05.735926 Conexão não estabelecida
2017-07-30 15:00:13.414975 Conexão não estabelecida
2017-07-31 15:00:02.305592 Nada Mudado
2017-08-01 15:00:05.268249 Nada Mudado
2017-08-02 15:00:05.899733 Nada Mudado
2017-08-03 15:00:02.418406 Nada Mudado
2017-08-04 15:00:02.133681 Nada Mudado
2017-08-05 15:00:02.287886 Nada Mudado
2017-08-06 15:00:02.918876 Nada Mudado
2017-08-07 15:00:02.693773 Nada Mudado
2017-08-08 15:00:04.937879 Nada Mudado
2017-08-09 15:00:06.078002 Nada Mudado
2017-08-10 15:00:07.051660 Nada Mudado
2017-08-11 15:00:06.047313 Nada Mudado
2017-08-12 15:00:06.419260 Nada Mudado
2017-08-13 15:00:05.596723 Nada Mudado
2017-08-14 15:00:05.772391 Nada Mudado
2017-08-15 15:00:05.321332 Novo elemento encontrado: Edital nº 01/2017 - REARI/RJ - Rede de Assessorias Internacionais do Estado do Rio de Janeiro
2017-08-16 15:00:04.517057 Nada Mudado
2017-08-17 15:00:04.379199 Nada Mudado
2017-08-18 15:00:05.733788 Nada Mudado
2017-08-19 15:00:05.201786 Nada Mudado
2017-08-20 15:00:01.956594 Nada Mudado
2017-08-21 15:00:01.859032 Nada Mudado
2017-08-22 15:00:07.024947 Nada Mudado
2017-08-23 15:00:05.619096 Conexão não estabelecida
2017-08-24 15:00:04.432584 Nada Mudado
2017-08-25 15:00:05.252916 Nada Mudado
2017-08-26 15:00:05.929640 Nada Mudado
2017-08-27 15:00:02.639848 Nada Mudado
2017-08-28 15:00:04.979800 Nada Mudado
2017-08-29 15:00:05.331035 Nada Mudado
2017-08-30 15:00:05.032354 Nada Mudado
2017-08-31 15:00:06.498596 Nada Mudado
2017-09-01 15:00:08.706019 Nada Mudado
2017-09-02 15:00:05.385765 Nada Mudado
2017-09-03 15:00:06.281691 Nada Mudado
2017-09-04 15:00:06.394893 Nada Mudado
2017-09-05 15:00:05.378213 Conexão não estabelecida
2017-09-06 15:00:07.048362 Novo elemento encontrado: Edital - Intercâmbio de Graduação
2017-09-07 15:00:05.045430 Nada Mudado
2017-09-08 15:00:05.885993 Nada Mudado
2017-09-09 15:00:06.466543 Nada Mudado
2017-09-10 15:00:02.577833 Nada Mudado
2017-09-11 15:00:04.737082 Nada Mudado
2017-09-12 15:00:04.098155 Nada Mudado
2017-09-13 15:00:05.852572 Nada Mudado
2017-09-14 15:00:06.734880 Novo elemento encontrado: Edital - Internato Internacional 2018
2017-09-15 15:00:05.956518 Nada Mudado
2017-09-16 15:00:05.173748 Nada Mudado
2017-09-17 15:00:02.075811 Nada Mudado
2017-09-18 15:00:03.085118 Nada Mudado
2017-09-19 15:00:05.695723 Nada Mudado
2017-09-20 15:00:05.321545 Nada Mudado
2017-09-21 15:00:05.431545 Nada Mudado
2017-09-22 15:00:04.283500 Nada Mudado
2017-09-23 15:00:06.052653 Nada Mudado
2017-09-24 15:00:02.496425 Nada Mudado
2017-09-25 15:00:01.842312 Nada Mudado
2017-09-26 15:00:04.080302 Nada Mudado
2017-09-27 15:00:05.047279 Nada Mudado
2017-09-28 15:00:05.163101 Nada Mudado
2017-09-29 15:00:06.281097 Nada Mudado
2017-09-30 15:00:05.704404 Nada Mudado
2017-10-01 15:00:01.826680 Nada Mudado
2017-10-02 15:00:02.209038 Nada Mudado
2017-10-03 15:00:05.784889 Nada Mudado
2017-10-04 15:00:05.340379 Nada Mudado
