2017-06-21 17:38:02.277382 teste realizado
2017-06-21 17:38:10.253696 teste realizado
2017-06-21 17:43:24.730422 Nada Mudado
2017-06-21 18:45:00.957300 Novo elemento encontrado: Bolsas Ibero-Americanas Santander - Resultado 2017

2017-06-22 15:29:28.782685 Nada Mudado
2017-06-23 16:15:27.420585 Nada Mudado
2017-06-26 14:49:36.698206 Nada Mudado
2017-06-26 19:32:44.101438 Nada Mudado
2017-06-29 15:14:56.442259 Nada Mudado
2017-07-03 14:29:56.921147 Nada Mudado
2017-07-04 16:08:56.538057 Nada Mudado
2017-07-05 15:14:23.813012 Nada Mudado
2017-07-05 15:25:26.126632 Nada Mudado
2017-07-05 15:50:56.214694 Nada Mudado
2017-07-05 15:52:55.922785 Nada Mudado
2017-07-05 15:53:04.801915 Nada Mudado
2017-07-05 16:00:30.702759 Nada Mudado
2017-07-05 16:02:02.762680 Nada Mudado
2017-07-05 16:03:02.309254 Nada Mudado
2017-07-06 15:00:06.017695 Nada Mudado
2017-07-06 15:01:01.946554 Nada Mudado
2017-07-06 15:02:01.817004 Nada Mudado
2017-07-06 15:03:01.702453 Nada Mudado
2017-07-06 15:04:02.502497 Nada Mudado
2017-07-06 15:05:02.392064 Nada Mudado
2017-07-06 15:06:02.181921 Nada Mudado
2017-07-06 15:07:02.020721 Nada Mudado
2017-07-06 15:08:01.806012 Nada Mudado
2017-07-06 15:09:03.463902 Nada Mudado
2017-07-06 15:10:02.107156 Nada Mudado
2017-07-06 15:11:01.884954 Nada Mudado
2017-07-06 15:12:02.766635 Nada Mudado
2017-07-07 15:00:05.089151 Nada Mudado
2017-07-08 15:00:05.245331 Nada Mudado
2017-07-09 15:00:02.696687 Nada Mudado
2017-07-10 15:00:02.391114 Nada Mudado
2017-07-11 15:00:04.722393 Nada Mudado
2017-07-12 15:00:06.666720 Nada Mudado
2017-07-13 15:00:07.819772 Nada Mudado
2017-07-14 15:00:07.382350 Nada Mudado
2017-07-15 15:00:05.333768 Nada Mudado
2017-07-16 15:00:02.530429 Nada Mudado
2017-07-17 15:00:02.387934 Nada Mudado
2017-07-18 15:00:04.831120 Nada Mudado
2017-07-19 15:00:05.577791 Nada Mudado
2017-07-20 15:00:06.644441 Nada Mudado
2017-07-21 15:00:05.220221 Nada Mudado
2017-07-22 15:00:06.515078 Nada Mudado
2017-07-27 15:55:45.870271 Conexão não estabelecida
2017-07-27 15:56:22.058461 Conexão não estabelecida
2017-07-28 15:00:04.842331 Conexão não estabelecida
2017-07-29 15:00:05.735926 Conexão não estabelecida
2017-07-30 15:00:13.414975 Conexão não estabelecida
2017-07-31 15:00:02.305592 Nada Mudado
2017-08-01 15:00:05.268249 Nada Mudado
2017-08-02 15:00:05.899733 Nada Mudado
2017-08-03 15:00:02.418406 Nada Mudado
2017-08-04 15:00:02.133681 Nada Mudado
2017-08-05 15:00:02.287886 Nada Mudado
2017-08-06 15:00:02.918876 Nada Mudado
2017-08-07 15:00:02.693773 Nada Mudado
2017-08-08 15:00:04.937879 Nada Mudado
2017-08-09 15:00:06.078002 Nada Mudado
2017-08-10 15:00:07.051660 Nada Mudado
2017-08-11 15:00:06.047313 Nada Mudado
2017-08-12 15:00:06.419260 Nada Mudado
2017-08-13 15:00:05.596723 Nada Mudado
2017-08-14 15:00:05.772391 Nada Mudado
2017-08-15 15:00:05.321332 Novo elemento encontrado: Edital nº 01/2017 - REARI/RJ - Rede de Assessorias Internacionais do Estado do Rio de Janeiro
